<?xml version="1.0" encoding="UTF-8"?>
<!-- Generated by org.testng.reporters.JUnitXMLReporter -->
<testsuite ignored="0" hostname="Shaik_Enna" failures="2" tests="2" name="Test(failed)(failed)" time="207.743" errors="0" timestamp="2025-04-24T23:07:12 IST">
  <testcase classname="TestCases.TC002_LoginofAccount" name="ValitationofLogin" time="0.047">
    <failure type="java.lang.NoClassDefFoundError" message="PageObjects/HomePage">
      <![CDATA[java.lang.NoClassDefFoundError: PageObjects/HomePage
at TestCases.TC002_LoginofAccount.ValitationofLogin(TC002_LoginofAccount.java:19)
at java.base/java.util.ArrayList.forEach(ArrayList.java:1597)
Caused by: java.lang.ClassNotFoundException: PageObjects.HomePage
at java.base/jdk.internal.loader.BuiltinClassLoader.loadClass(BuiltinClassLoader.java:641)
at java.base/jdk.internal.loader.ClassLoaders$AppClassLoader.loadClass(ClassLoaders.java:188)
at java.base/java.lang.ClassLoader.loadClass(ClassLoader.java:528)
... 27 more
... Removed 25 stack frames]]>
    </failure>
  </testcase> <!-- ValitationofLogin -->
  <testcase classname="TestCases.TC001_RegisterationofAccount" name="Validation_of_Regestraion" time="0.004">
    <failure type="java.lang.NoClassDefFoundError" message="PageObjects/HomePage">
      <![CDATA[java.lang.NoClassDefFoundError: PageObjects/HomePage
at TestCases.TC001_RegisterationofAccount.Validation_of_Regestraion(TC001_RegisterationofAccount.java:18)
at java.base/java.util.ArrayList.forEach(ArrayList.java:1597)
Caused by: java.lang.ClassNotFoundException: PageObjects.HomePage
at java.base/jdk.internal.loader.BuiltinClassLoader.loadClass(BuiltinClassLoader.java:641)
at java.base/jdk.internal.loader.ClassLoaders$AppClassLoader.loadClass(ClassLoaders.java:188)
at java.base/java.lang.ClassLoader.loadClass(ClassLoader.java:528)
... 27 more
... Removed 25 stack frames]]>
    </failure>
  </testcase> <!-- Validation_of_Regestraion -->
</testsuite> <!-- Test(failed)(failed) -->
